<?xml version="1.0" encoding="UTF-8"?>
<!-- Generated by org.testng.reporters.JUnitReportReporter -->
<testsuite skipped="0" hostname="adarshsingh01" name="com.redbus.tests.ConvinienceTest" tests="2" failures="0" timestamp="11 Feb 2021 11:04:27 GMT" time="19.854" errors="0">
  <testcase name="Convinience" time="10.753" classname="com.redbus.tests.ConvinienceTest"/>
  <testcase name="Convinience" time="9.101" classname="com.redbus.tests.ConvinienceTest"/>
</testsuite> <!-- com.redbus.tests.ConvinienceTest -->
