<?xml version="1.0" encoding="UTF-8"?>
<!-- Generated by org.testng.reporters.JUnitReportReporter -->
<testsuite skipped="0" hostname="adarshsingh01" name="com.redbus.tests.PreRegisterTest" tests="2" failures="0" timestamp="11 Feb 2021 11:04:27 GMT" time="21.921" errors="0">
  <testcase name="PreRegister" time="9.379" classname="com.redbus.tests.PreRegisterTest"/>
  <testcase name="PreRegister" time="12.542" classname="com.redbus.tests.PreRegisterTest"/>
</testsuite> <!-- com.redbus.tests.PreRegisterTest -->
