<?xml version="1.0" encoding="UTF-8"?>
<!-- Generated by org.testng.reporters.JUnitReportReporter -->
<testsuite skipped="0" hostname="adarshsingh01" name="com.redbus.tests.AwardTest" tests="2" failures="0" timestamp="11 Feb 2021 11:04:27 GMT" time="16.478" errors="0">
  <testcase name="Award_Recognition" time="8.773" classname="com.redbus.tests.AwardTest"/>
  <testcase name="Award_Recognition" time="7.705" classname="com.redbus.tests.AwardTest"/>
</testsuite> <!-- com.redbus.tests.AwardTest -->
