<?xml version="1.0" encoding="UTF-8"?>
<!-- Generated by org.testng.reporters.JUnitReportReporter -->
<testsuite skipped="0" hostname="adarshsingh01" name="com.redbus.tests.ReadGuidelinesTest" tests="2" failures="0" timestamp="11 Feb 2021 11:04:27 GMT" time="14.866" errors="0">
  <testcase name="ReadGuidelines" time="7.390" classname="com.redbus.tests.ReadGuidelinesTest"/>
  <testcase name="ReadGuidelines" time="7.476" classname="com.redbus.tests.ReadGuidelinesTest"/>
</testsuite> <!-- com.redbus.tests.ReadGuidelinesTest -->
