<?xml version="1.0" encoding="UTF-8"?>
<!-- Generated by org.testng.reporters.JUnitReportReporter -->
<testsuite skipped="0" hostname="adarshsingh01" name="com.redbus.tests.EmailSmsTest" tests="2" failures="0" timestamp="11 Feb 2021 11:04:27 GMT" time="12.991" errors="0">
  <testcase name="Invalid_Email_SMS" time="5.448" classname="com.redbus.tests.EmailSmsTest"/>
  <testcase name="Invalid_Email_SMS" time="7.543" classname="com.redbus.tests.EmailSmsTest"/>
</testsuite> <!-- com.redbus.tests.EmailSmsTest -->
