<?xml version="1.0" encoding="UTF-8"?>
<!-- Generated by org.testng.reporters.JUnitReportReporter -->
<testsuite skipped="0" hostname="adarshsingh01" name="com.redbus.tests.RescheduleTicketTest" tests="2" failures="0" timestamp="11 Feb 2021 11:04:27 GMT" time="10.857" errors="0">
  <testcase name="Invalid_ReSchedule" time="5.049" classname="com.redbus.tests.RescheduleTicketTest"/>
  <testcase name="Invalid_ReSchedule" time="5.808" classname="com.redbus.tests.RescheduleTicketTest"/>
</testsuite> <!-- com.redbus.tests.RescheduleTicketTest -->
