<?xml version="1.0" encoding="UTF-8"?>
<!-- Generated by org.testng.reporters.JUnitReportReporter -->
<testsuite skipped="0" hostname="adarshsingh01" name="com.redbus.tests.BusHireTest" tests="1" failures="0" timestamp="09 Feb 2021 12:21:02 GMT" time="4.711" errors="0">
  <testcase name="My_Trips" time="4.711" classname="com.redbus.tests.BusHireTest"/>
</testsuite> <!-- com.redbus.tests.BusHireTest -->
