<?xml version="1.0" encoding="UTF-8"?>
<!-- Generated by org.testng.reporters.JUnitReportReporter -->
<testsuite skipped="0" hostname="adarshsingh01" name="com.redbus.tests.CancelHiredBusTest" tests="2" failures="0" timestamp="11 Feb 2021 11:04:27 GMT" time="15.913" errors="0">
  <testcase name="Invalid_Cancellation" time="7.673" classname="com.redbus.tests.CancelHiredBusTest"/>
  <testcase name="Invalid_Cancellation" time="8.240" classname="com.redbus.tests.CancelHiredBusTest"/>
</testsuite> <!-- com.redbus.tests.CancelHiredBusTest -->
