<?xml version="1.0" encoding="UTF-8"?>
<!-- Generated by org.testng.reporters.JUnitReportReporter -->
<testsuite skipped="0" hostname="adarshsingh01" name="com.redbus.tests.CancelTicketTest" tests="2" failures="0" timestamp="11 Feb 2021 11:04:27 GMT" time="10.205" errors="0">
  <testcase name="Invalid_Cancel" time="4.268" classname="com.redbus.tests.CancelTicketTest"/>
  <testcase name="Invalid_Cancel" time="5.937" classname="com.redbus.tests.CancelTicketTest"/>
</testsuite> <!-- com.redbus.tests.CancelTicketTest -->
