<?xml version="1.0" encoding="UTF-8"?>
<!-- Generated by org.testng.reporters.JUnitReportReporter -->
<testsuite skipped="0" hostname="adarshsingh01" name="com.redbus.tests.TrackMyBusTest" tests="2" failures="0" timestamp="11 Feb 2021 11:04:27 GMT" time="23.104" errors="0">
  <testcase name="TrackBus" time="11.956" classname="com.redbus.tests.TrackMyBusTest"/>
  <testcase name="TrackBus" time="11.148" classname="com.redbus.tests.TrackMyBusTest"/>
</testsuite> <!-- com.redbus.tests.TrackMyBusTest -->
