<?xml version="1.0" encoding="UTF-8"?>
<!-- Generated by org.testng.reporters.JUnitReportReporter -->
<testsuite skipped="0" hostname="adarshsingh01" name="com.redbus.tests.ShowMyTicketTest" tests="2" failures="0" timestamp="11 Feb 2021 11:04:27 GMT" time="13.505" errors="0">
  <testcase name="valid_Show_MyTicket" time="6.705" classname="com.redbus.tests.ShowMyTicketTest"/>
  <testcase name="valid_Show_MyTicket" time="6.800" classname="com.redbus.tests.ShowMyTicketTest"/>
</testsuite> <!-- com.redbus.tests.ShowMyTicketTest -->
