<?xml version="1.0" encoding="UTF-8"?>
<!-- Generated by org.testng.reporters.JUnitReportReporter -->
<testsuite skipped="0" hostname="adarshsingh01" name="com.redbus.tests.ManageBookingTest" tests="1" failures="0" timestamp="08 Feb 2021 12:49:50 GMT" time="27.624" errors="0">
  <testcase name="Invalid_Email_SMS" time="27.624" classname="com.redbus.tests.ManageBookingTest"/>
</testsuite> <!-- com.redbus.tests.ManageBookingTest -->
