<?xml version="1.0" encoding="UTF-8"?>
<!-- Generated by org.testng.reporters.JUnitReportReporter -->
<testsuite skipped="0" hostname="adarshsingh01" name="com.redbus.tests.BusSearchTest" tests="2" failures="0" timestamp="11 Feb 2021 11:04:27 GMT" time="16.435" errors="0">
  <testcase name="validSearch" time="6.669" classname="com.redbus.tests.BusSearchTest"/>
  <testcase name="validSearch" time="9.766" classname="com.redbus.tests.BusSearchTest"/>
</testsuite> <!-- com.redbus.tests.BusSearchTest -->
