<?xml version="1.0" encoding="UTF-8"?>
<!-- Generated by org.testng.reporters.JUnitReportReporter -->
<testsuite skipped="0" hostname="adarshsingh01" name="com.redbus.tests.PilgrimigesTest" tests="1" failures="0" timestamp="09 Feb 2021 11:31:34 GMT" time="28.338" errors="0">
  <testcase name="Pilgrimages" time="28.338" classname="com.redbus.tests.PilgrimigesTest"/>
</testsuite> <!-- com.redbus.tests.PilgrimigesTest -->
