<?xml version="1.0" encoding="UTF-8"?>
<!-- Generated by org.testng.reporters.JUnitReportReporter -->
<testsuite skipped="0" hostname="adarshsingh01" name="com.redbus.tests.SortByTest" tests="2" failures="0" timestamp="11 Feb 2021 11:34:51 GMT" time="19.240" errors="0">
  <testcase name="Sort_By" time="10.021" classname="com.redbus.tests.SortByTest"/>
  <testcase name="Sort_By" time="9.219" classname="com.redbus.tests.SortByTest"/>
</testsuite> <!-- com.redbus.tests.SortByTest -->
