<?xml version="1.0" encoding="UTF-8"?>
<!-- Generated by org.testng.reporters.JUnitReportReporter -->
<testsuite skipped="0" hostname="adarshsingh01" name="com.redbus.tests.RPoolTest" tests="2" failures="0" timestamp="11 Feb 2021 11:04:27 GMT" time="11.838" errors="0">
  <testcase name="RPool" time="4.180" classname="com.redbus.tests.RPoolTest"/>
  <testcase name="RPool" time="7.658" classname="com.redbus.tests.RPoolTest"/>
</testsuite> <!-- com.redbus.tests.RPoolTest -->
