<?xml version="1.0" encoding="UTF-8"?>
<!-- Generated by org.testng.reporters.JUnitReportReporter -->
<testsuite skipped="0" hostname="adarshsingh01" name="com.redbus.tests.BaseTest" tests="1" failures="0" timestamp="04 Feb 2021 08:08:56 GMT" time="8.178" errors="0">
  <testcase name="openWebapp" time="8.178" classname="com.redbus.tests.BaseTest"/>
</testsuite> <!-- com.redbus.tests.BaseTest -->
