<?xml version="1.0" encoding="UTF-8"?>
<!-- Generated by org.testng.reporters.JUnitReportReporter -->
<testsuite skipped="0" hostname="adarshsingh01" name="com.redbus.tests.ModifySearchTest" tests="2" failures="0" timestamp="11 Feb 2021 11:04:27 GMT" time="27.547" errors="0">
  <testcase name="Search_Modify" time="16.324" classname="com.redbus.tests.ModifySearchTest"/>
  <testcase name="Search_Modify" time="11.223" classname="com.redbus.tests.ModifySearchTest"/>
</testsuite> <!-- com.redbus.tests.ModifySearchTest -->
